{"numFailedTestSuites":0,"numFailedTests":0,"numPassedTestSuites":4,"numPassedTests":16,"numPendingTestSuites":0,"numPendingTests":0,"numRuntimeErrorTestSuites":0,"numTodoTests":0,"numTotalTestSuites":4,"numTotalTests":16,"openHandles":[],"snapshot":{"added":0,"didUpdate":false,"failure":false,"filesAdded":0,"filesRemoved":0,"filesRemovedList":[],"filesUnmatched":0,"filesUpdated":0,"matched":0,"total":0,"unchecked":0,"uncheckedKeysByFile":[],"unmatched":0,"updated":0},"startTime":1783585865919,"success":true,"testResults":[{"assertionResults":[{"ancestorTitles":["Helper Utilities"],"duration":175,"failureDetails":[],"failureMessages":[],"fullName":"Helper Utilities inr currency formatting","invocations":1,"location":null,"numPassingAsserts":3,"retryReasons":[],"status":"passed","title":"inr currency formatting"},{"ancestorTitles":["Helper Utilities"],"duration":5,"failureDetails":[],"failureMessages":[],"fullName":"Helper Utilities parseNum cleaning and conversion","invocations":1,"location":null,"numPassingAsserts":4,"retryReasons":[],"status":"passed","title":"parseNum cleaning and conversion"},{"ancestorTitles":["Helper Utilities"],"duration":6,"failureDetails":[],"failureMessages":[],"fullName":"Helper Utilities dateKey date formatting","invocations":1,"location":null,"numPassingAsserts":1,"retryReasons":[],"status":"passed","title":"dateKey date formatting"},{"ancestorTitles":["Helper Utilities"],"duration":6,"failureDetails":[],"failureMessages":[],"fullName":"Helper Utilities daysBetween range array generator","invocations":1,"location":null,"numPassingAsserts":1,"retryReasons":[],"status":"passed","title":"daysBetween range array generator"},{"ancestorTitles":["Helper Utilities"],"duration":5,"failureDetails":[],"failureMessages":[],"fullName":"Helper Utilities uid length and format","invocations":1,"location":null,"numPassingAsserts":2,"retryReasons":[],"status":"passed","title":"uid length and format"}],"endTime":1783585870880,"message":"","name":"/data/data/com.termux/files/home/project/DeepaBMS/src/utils/__tests__/helpers.test.ts","startTime":1783585868452,"status":"passed","summary":""},{"assertionResults":[{"ancestorTitles":["Global Store Reducer"],"duration":10,"failureDetails":[],"failureMessages":[],"fullName":"Global Store Reducer ADD_SALE appends to sales register and affects DayBook flows","invocations":1,"location":null,"numPassingAsserts":2,"retryReasons":[],"status":"passed","title":"ADD_SALE appends to sales register and affects DayBook flows"},{"ancestorTitles":["Global Store Reducer"],"duration":2,"failureDetails":[],"failureMessages":[],"fullName":"Global Store Reducer ADD_TXN adds a transaction (e.g. expense)","invocations":1,"location":null,"numPassingAsserts":2,"retryReasons":[],"status":"passed","title":"ADD_TXN adds a transaction (e.g. expense)"},{"ancestorTitles":["Global Store Reducer"],"duration":3,"failureDetails":[],"failureMessages":[],"fullName":"Global Store Reducer SELL_LIQUOR deducts peg volumes and registers a bar sale","invocations":1,"location":null,"numPassingAsserts":2,"retryReasons":[],"status":"passed","title":"SELL_LIQUOR deducts peg volumes and registers a bar sale"},{"ancestorTitles":["Global Store Reducer"],"duration":4,"failureDetails":[],"failureMessages":[],"fullName":"Global Store Reducer CHECK_IN puts a guest in a room","invocations":1,"location":null,"numPassingAsserts":2,"retryReasons":[],"status":"passed","title":"CHECK_IN puts a guest in a room"},{"ancestorTitles":["Global Store Reducer"],"duration":21,"failureDetails":[],"failureMessages":[],"fullName":"Global Store Reducer RESET_DEMO reverts database back to initial seeds","invocations":1,"location":null,"numPassingAsserts":2,"retryReasons":[],"status":"passed","title":"RESET_DEMO reverts database back to initial seeds"}],"endTime":1783585871508,"message":"","name":"/data/data/com.termux/files/home/project/DeepaBMS/src/context/__tests__/StoreContext.test.tsx","startTime":1783585870914,"status":"passed","summary":""},{"assertionResults":[{"ancestorTitles":["Payroll Calculations"],"duration":10,"failureDetails":[],"failureMessages":[],"fullName":"Payroll Calculations computePayroll correctly handles half days, absences, unpaid leaves, and advances","invocations":1,"location":null,"numPassingAsserts":8,"retryReasons":[],"status":"passed","title":"computePayroll correctly handles half days, absences, unpaid leaves, and advances"},{"ancestorTitles":["Payroll Calculations"],"duration":4,"failureDetails":[],"failureMessages":[],"fullName":"Payroll Calculations payrollTotals computes grand totals accurately","invocations":1,"location":null,"numPassingAsserts":4,"retryReasons":[],"status":"passed","title":"payrollTotals computes grand totals accurately"}],"endTime":1783585872002,"message":"","name":"/data/data/com.termux/files/home/project/DeepaBMS/src/utils/__tests__/payroll.test.ts","startTime":1783585871629,"status":"passed","summary":""},{"assertionResults":[{"ancestorTitles":["UI Primitives Components"],"duration":2901,"failureDetails":[],"failureMessages":[],"fullName":"UI Primitives Components Card renders child elements correctly","invocations":1,"location":null,"numPassingAsserts":1,"retryReasons":[],"status":"passed","title":"Card renders child elements correctly"},{"ancestorTitles":["UI Primitives Components"],"duration":10,"failureDetails":[],"failureMessages":[],"fullName":"UI Primitives Components Row arranges items horizontally","invocations":1,"location":null,"numPassingAsserts":2,"retryReasons":[],"status":"passed","title":"Row arranges items horizontally"},{"ancestorTitles":["UI Primitives Components"],"duration":6,"failureDetails":[],"failureMessages":[],"fullName":"UI Primitives Components Badge displays correct status text","invocations":1,"location":null,"numPassingAsserts":1,"retryReasons":[],"status":"passed","title":"Badge displays correct status text"},{"ancestorTitles":["UI Primitives Components"],"duration":63,"failureDetails":[],"failureMessages":[],"fullName":"UI Primitives Components PrimaryButton responds to user press events","invocations":1,"location":null,"numPassingAsserts":2,"retryReasons":[],"status":"passed","title":"PrimaryButton responds to user press events"}],"endTime":1783585876851,"message":"","name":"/data/data/com.termux/files/home/project/DeepaBMS/src/components/__tests__/Primitives.test.tsx","startTime":1783585868451,"status":"passed","summary":""}],"wasInterrupted":false}
